-------------------------------------------------------------------------------
Test set: TestSuite
-------------------------------------------------------------------------------
Tests run: 2, Failures: 1, Errors: 0, Skipped: 0, Time elapsed: 0.935 s <<< FAILURE! - in TestSuite
front(qaclickacademy.com.Seleniumnest)  Time elapsed: 0.012 s  <<< FAILURE!
java.lang.Error: 
Unresolved compilation problem: 
	Systems cannot be resolved

	at qaclickacademy.com.Seleniumnest.front(Seleniumnest.java:12)

